<?xml version="1.0" encoding="UTF-8"?>
<!-- Generated by org.testng.reporters.JUnitReportReporter -->
<testsuite hostname="LAPTOP-SK1OSAKQ" failures="0" tests="1" name="runner.Runner" time="9.665" errors="0" timestamp="2023-12-14T00:30:38 IST" skipped="0">
  <testcase classname="runner.Runner" name="runScenario" time="9.665"/>
  <system-out/>
</testsuite> <!-- runner.Runner -->
